[TypeError: fetch failed] {
  [cause]: Error: connect EACCES 198.18.0.164:443
      at TCPConnectWrap.afterConnect [as oncomplete] (node:net:1705:16) {
    errno: -4092,
    code: 'EACCES',
    syscall: 'connect',
    address: '198.18.0.164',
    port: 443
  }
}
request to https://fonts.googleapis.com/css2?family=Inter:wght@100..900&display=swap failed, reason: connect EACCES 198.18.2.74:443

Retrying 1/3...
request to https://fonts.googleapis.com/css2?family=Inter:wght@100..900&display=swap failed, reason: connect EACCES 198.18.2.74:443

Retrying 2/3...
request to https://fonts.googleapis.com/css2?family=Inter:wght@100..900&display=swap failed, reason: connect EACCES 198.18.2.74:443

Retrying 3/3...
FetchError: request to https://fonts.googleapis.com/css2?family=Inter:wght@100..900&display=swap failed, reason: connect EACCES 198.18.2.74:443
    at ClientRequest.<anonymous> (D:\Dice Paradise\node_modules\next\dist\compiled\node-fetch\index.js:1:66160)
    at ClientRequest.emit (node:events:509:28)
    at emitErrorEvent (node:_http_client:109:11)
    at TLSSocket.socketErrorListener (node:_http_client:593:5)
    at TLSSocket.emit (node:events:509:28)
    at emitErrorNT (node:internal/streams/destroy:170:8)
    at emitErrorCloseNT (node:internal/streams/destroy:129:3)
    at process.processTicksAndRejections (node:internal/process/task_queues:90:21) {
  type: 'system',
  errno: 'EACCES',
  code: 'EACCES'
}
<w> [webpack.cache.PackFileCacheStrategy] Caching failed for pack: Error: ENOENT: no such file or directory, rename 'D:\Dice Paradise\.next\cache\webpack\client-development\5.pack.gz_' -> 'D:\Dice Paradise\.next\cache\webpack\client-development\5.pack.gz'
